<?xml version="1.0" encoding="UTF-8"?>
<testsuite xmlns:xsi="http://www.w3.org/2001/XMLSchema-instance" xsi:noNamespaceSchemaLocation="https://maven.apache.org/surefire/maven-surefire-plugin/xsd/surefire-test-report.xsd" name="TestSuite" time="0.679" tests="0" errors="0" skipped="0" failures="0">
  <properties>
    <property name="sun.desktop" value="windows"/>
    <property name="awt.toolkit" value="sun.awt.windows.WToolkit"/>
    <property name="file.encoding.pkg" value="sun.io"/>
    <property name="java.specification.version" value="1.8"/>
    <property name="sun.cpu.isalist" value="amd64"/>
    <property name="sun.jnu.encoding" value="Cp1252"/>
    <property name="java.class.path" value="C:\Users\mithu\eclipse-workspace\AndroidMbl\target\test-classes;C:\Users\mithu\eclipse-workspace\AndroidMbl\target\classes;C:\Users\mithu\.m2\repository\org\testng\testng\6.13.1\testng-6.13.1.jar;C:\Users\mithu\.m2\repository\com\beust\jcommander\1.72\jcommander-1.72.jar;C:\Users\mithu\.m2\repository\io\appium\java-client\6.1.0\java-client-6.1.0.jar;C:\Users\mithu\.m2\repository\org\seleniumhq\selenium\selenium-java\3.12.0\selenium-java-3.12.0.jar;C:\Users\mithu\.m2\repository\org\seleniumhq\selenium\selenium-chrome-driver\3.12.0\selenium-chrome-driver-3.12.0.jar;C:\Users\mithu\.m2\repository\org\seleniumhq\selenium\selenium-edge-driver\3.12.0\selenium-edge-driver-3.12.0.jar;C:\Users\mithu\.m2\repository\org\seleniumhq\selenium\selenium-firefox-driver\3.12.0\selenium-firefox-driver-3.12.0.jar;C:\Users\mithu\.m2\repository\org\seleniumhq\selenium\selenium-ie-driver\3.12.0\selenium-ie-driver-3.12.0.jar;C:\Users\mithu\.m2\repository\org\seleniumhq\selenium\selenium-opera-driver\3.12.0\selenium-opera-driver-3.12.0.jar;C:\Users\mithu\.m2\repository\org\seleniumhq\selenium\selenium-remote-driver\3.12.0\selenium-remote-driver-3.12.0.jar;C:\Users\mithu\.m2\repository\org\seleniumhq\selenium\selenium-safari-driver\3.12.0\selenium-safari-driver-3.12.0.jar;C:\Users\mithu\.m2\repository\net\bytebuddy\byte-buddy\1.8.3\byte-buddy-1.8.3.jar;C:\Users\mithu\.m2\repository\org\apache\commons\commons-exec\1.3\commons-exec-1.3.jar;C:\Users\mithu\.m2\repository\commons-logging\commons-logging\1.2\commons-logging-1.2.jar;C:\Users\mithu\.m2\repository\com\google\guava\guava\23.6-jre\guava-23.6-jre.jar;C:\Users\mithu\.m2\repository\com\google\code\findbugs\jsr305\1.3.9\jsr305-1.3.9.jar;C:\Users\mithu\.m2\repository\org\checkerframework\checker-compat-qual\2.0.0\checker-compat-qual-2.0.0.jar;C:\Users\mithu\.m2\repository\com\google\errorprone\error_prone_annotations\2.1.3\error_prone_annotations-2.1.3.jar;C:\Users\mithu\.m2\repository\com\google\j2objc\j2objc-annotations\1.1\j2objc-annotations-1.1.jar;C:\Users\mithu\.m2\repository\org\codehaus\mojo\animal-sniffer-annotations\1.14\animal-sniffer-annotations-1.14.jar;C:\Users\mithu\.m2\repository\org\apache\httpcomponents\httpcore\4.4.6\httpcore-4.4.6.jar;C:\Users\mithu\.m2\repository\com\squareup\okhttp3\okhttp\3.9.1\okhttp-3.9.1.jar;C:\Users\mithu\.m2\repository\com\squareup\okio\okio\1.13.0\okio-1.13.0.jar;C:\Users\mithu\.m2\repository\org\seleniumhq\selenium\selenium-support\3.12.0\selenium-support-3.12.0.jar;C:\Users\mithu\.m2\repository\org\seleniumhq\selenium\selenium-api\3.12.0\selenium-api-3.12.0.jar;C:\Users\mithu\.m2\repository\com\google\code\gson\gson\2.8.4\gson-2.8.4.jar;C:\Users\mithu\.m2\repository\org\apache\httpcomponents\httpclient\4.5.5\httpclient-4.5.5.jar;C:\Users\mithu\.m2\repository\cglib\cglib\3.2.6\cglib-3.2.6.jar;C:\Users\mithu\.m2\repository\org\ow2\asm\asm\6.0\asm-6.0.jar;C:\Users\mithu\.m2\repository\org\apache\ant\ant\1.9.6\ant-1.9.6.jar;C:\Users\mithu\.m2\repository\org\apache\ant\ant-launcher\1.9.6\ant-launcher-1.9.6.jar;C:\Users\mithu\.m2\repository\commons-validator\commons-validator\1.6\commons-validator-1.6.jar;C:\Users\mithu\.m2\repository\commons-beanutils\commons-beanutils\1.9.2\commons-beanutils-1.9.2.jar;C:\Users\mithu\.m2\repository\commons-digester\commons-digester\1.8.1\commons-digester-1.8.1.jar;C:\Users\mithu\.m2\repository\commons-collections\commons-collections\3.2.2\commons-collections-3.2.2.jar;C:\Users\mithu\.m2\repository\org\apache\commons\commons-lang3\3.7\commons-lang3-3.7.jar;C:\Users\mithu\.m2\repository\commons-io\commons-io\2.6\commons-io-2.6.jar;C:\Users\mithu\.m2\repository\org\springframework\spring-context\5.0.5.RELEASE\spring-context-5.0.5.RELEASE.jar;C:\Users\mithu\.m2\repository\org\springframework\spring-aop\5.0.5.RELEASE\spring-aop-5.0.5.RELEASE.jar;C:\Users\mithu\.m2\repository\org\springframework\spring-beans\5.0.5.RELEASE\spring-beans-5.0.5.RELEASE.jar;C:\Users\mithu\.m2\repository\org\springframework\spring-core\5.0.5.RELEASE\spring-core-5.0.5.RELEASE.jar;C:\Users\mithu\.m2\repository\org\springframework\spring-jcl\5.0.5.RELEASE\spring-jcl-5.0.5.RELEASE.jar;C:\Users\mithu\.m2\repository\org\springframework\spring-expression\5.0.5.RELEASE\spring-expression-5.0.5.RELEASE.jar;C:\Users\mithu\.m2\repository\org\aspectj\aspectjweaver\1.9.1\aspectjweaver-1.9.1.jar;C:\Users\mithu\.m2\repository\org\openpnp\opencv\3.2.0-1\opencv-3.2.0-1.jar;C:\Users\mithu\.m2\repository\org\apache\poi\poi\3.17\poi-3.17.jar;C:\Users\mithu\.m2\repository\commons-codec\commons-codec\1.10\commons-codec-1.10.jar;C:\Users\mithu\.m2\repository\org\apache\commons\commons-collections4\4.1\commons-collections4-4.1.jar;C:\Users\mithu\.m2\repository\org\apache\maven\surefire\surefire-testng-utils\2.21.0\surefire-testng-utils-2.21.0.jar;C:\Users\mithu\.m2\repository\org\apache\maven\surefire\surefire-grouper\2.21.0\surefire-grouper-2.21.0.jar;"/>
    <property name="java.vm.vendor" value="Oracle Corporation"/>
    <property name="sun.arch.data.model" value="64"/>
    <property name="user.variant" value=""/>
    <property name="java.vendor.url" value="http://java.oracle.com/"/>
    <property name="user.timezone" value=""/>
    <property name="java.vm.specification.version" value="1.8"/>
    <property name="os.name" value="Windows 10"/>
    <property name="user.country" value="US"/>
    <property name="sun.java.launcher" value="SUN_STANDARD"/>
    <property name="sun.boot.library.path" value="C:\Program Files\Java\jdk1.8.0_121\jre\bin"/>
    <property name="sun.java.command" value="C:\Users\mithu\AppData\Local\Temp\surefire5747418278774244303\surefirebooter2782078349657156448.jar C:\Users\mithu\AppData\Local\Temp\surefire5747418278774244303 2019-02-11T12-48-36_024-jvmRun1 surefire1300369001230178117tmp surefire_08759823272142922410tmp"/>
    <property name="surefire.test.class.path" value="C:\Users\mithu\eclipse-workspace\AndroidMbl\target\test-classes;C:\Users\mithu\eclipse-workspace\AndroidMbl\target\classes;C:\Users\mithu\.m2\repository\org\testng\testng\6.13.1\testng-6.13.1.jar;C:\Users\mithu\.m2\repository\com\beust\jcommander\1.72\jcommander-1.72.jar;C:\Users\mithu\.m2\repository\io\appium\java-client\6.1.0\java-client-6.1.0.jar;C:\Users\mithu\.m2\repository\org\seleniumhq\selenium\selenium-java\3.12.0\selenium-java-3.12.0.jar;C:\Users\mithu\.m2\repository\org\seleniumhq\selenium\selenium-chrome-driver\3.12.0\selenium-chrome-driver-3.12.0.jar;C:\Users\mithu\.m2\repository\org\seleniumhq\selenium\selenium-edge-driver\3.12.0\selenium-edge-driver-3.12.0.jar;C:\Users\mithu\.m2\repository\org\seleniumhq\selenium\selenium-firefox-driver\3.12.0\selenium-firefox-driver-3.12.0.jar;C:\Users\mithu\.m2\repository\org\seleniumhq\selenium\selenium-ie-driver\3.12.0\selenium-ie-driver-3.12.0.jar;C:\Users\mithu\.m2\repository\org\seleniumhq\selenium\selenium-opera-driver\3.12.0\selenium-opera-driver-3.12.0.jar;C:\Users\mithu\.m2\repository\org\seleniumhq\selenium\selenium-remote-driver\3.12.0\selenium-remote-driver-3.12.0.jar;C:\Users\mithu\.m2\repository\org\seleniumhq\selenium\selenium-safari-driver\3.12.0\selenium-safari-driver-3.12.0.jar;C:\Users\mithu\.m2\repository\net\bytebuddy\byte-buddy\1.8.3\byte-buddy-1.8.3.jar;C:\Users\mithu\.m2\repository\org\apache\commons\commons-exec\1.3\commons-exec-1.3.jar;C:\Users\mithu\.m2\repository\commons-logging\commons-logging\1.2\commons-logging-1.2.jar;C:\Users\mithu\.m2\repository\com\google\guava\guava\23.6-jre\guava-23.6-jre.jar;C:\Users\mithu\.m2\repository\com\google\code\findbugs\jsr305\1.3.9\jsr305-1.3.9.jar;C:\Users\mithu\.m2\repository\org\checkerframework\checker-compat-qual\2.0.0\checker-compat-qual-2.0.0.jar;C:\Users\mithu\.m2\repository\com\google\errorprone\error_prone_annotations\2.1.3\error_prone_annotations-2.1.3.jar;C:\Users\mithu\.m2\repository\com\google\j2objc\j2objc-annotations\1.1\j2objc-annotations-1.1.jar;C:\Users\mithu\.m2\repository\org\codehaus\mojo\animal-sniffer-annotations\1.14\animal-sniffer-annotations-1.14.jar;C:\Users\mithu\.m2\repository\org\apache\httpcomponents\httpcore\4.4.6\httpcore-4.4.6.jar;C:\Users\mithu\.m2\repository\com\squareup\okhttp3\okhttp\3.9.1\okhttp-3.9.1.jar;C:\Users\mithu\.m2\repository\com\squareup\okio\okio\1.13.0\okio-1.13.0.jar;C:\Users\mithu\.m2\repository\org\seleniumhq\selenium\selenium-support\3.12.0\selenium-support-3.12.0.jar;C:\Users\mithu\.m2\repository\org\seleniumhq\selenium\selenium-api\3.12.0\selenium-api-3.12.0.jar;C:\Users\mithu\.m2\repository\com\google\code\gson\gson\2.8.4\gson-2.8.4.jar;C:\Users\mithu\.m2\repository\org\apache\httpcomponents\httpclient\4.5.5\httpclient-4.5.5.jar;C:\Users\mithu\.m2\repository\cglib\cglib\3.2.6\cglib-3.2.6.jar;C:\Users\mithu\.m2\repository\org\ow2\asm\asm\6.0\asm-6.0.jar;C:\Users\mithu\.m2\repository\org\apache\ant\ant\1.9.6\ant-1.9.6.jar;C:\Users\mithu\.m2\repository\org\apache\ant\ant-launcher\1.9.6\ant-launcher-1.9.6.jar;C:\Users\mithu\.m2\repository\commons-validator\commons-validator\1.6\commons-validator-1.6.jar;C:\Users\mithu\.m2\repository\commons-beanutils\commons-beanutils\1.9.2\commons-beanutils-1.9.2.jar;C:\Users\mithu\.m2\repository\commons-digester\commons-digester\1.8.1\commons-digester-1.8.1.jar;C:\Users\mithu\.m2\repository\commons-collections\commons-collections\3.2.2\commons-collections-3.2.2.jar;C:\Users\mithu\.m2\repository\org\apache\commons\commons-lang3\3.7\commons-lang3-3.7.jar;C:\Users\mithu\.m2\repository\commons-io\commons-io\2.6\commons-io-2.6.jar;C:\Users\mithu\.m2\repository\org\springframework\spring-context\5.0.5.RELEASE\spring-context-5.0.5.RELEASE.jar;C:\Users\mithu\.m2\repository\org\springframework\spring-aop\5.0.5.RELEASE\spring-aop-5.0.5.RELEASE.jar;C:\Users\mithu\.m2\repository\org\springframework\spring-beans\5.0.5.RELEASE\spring-beans-5.0.5.RELEASE.jar;C:\Users\mithu\.m2\repository\org\springframework\spring-core\5.0.5.RELEASE\spring-core-5.0.5.RELEASE.jar;C:\Users\mithu\.m2\repository\org\springframework\spring-jcl\5.0.5.RELEASE\spring-jcl-5.0.5.RELEASE.jar;C:\Users\mithu\.m2\repository\org\springframework\spring-expression\5.0.5.RELEASE\spring-expression-5.0.5.RELEASE.jar;C:\Users\mithu\.m2\repository\org\aspectj\aspectjweaver\1.9.1\aspectjweaver-1.9.1.jar;C:\Users\mithu\.m2\repository\org\openpnp\opencv\3.2.0-1\opencv-3.2.0-1.jar;C:\Users\mithu\.m2\repository\org\apache\poi\poi\3.17\poi-3.17.jar;C:\Users\mithu\.m2\repository\commons-codec\commons-codec\1.10\commons-codec-1.10.jar;C:\Users\mithu\.m2\repository\org\apache\commons\commons-collections4\4.1\commons-collections4-4.1.jar;C:\Users\mithu\.m2\repository\org\apache\maven\surefire\surefire-testng-utils\2.21.0\surefire-testng-utils-2.21.0.jar;C:\Users\mithu\.m2\repository\org\apache\maven\surefire\surefire-grouper\2.21.0\surefire-grouper-2.21.0.jar;"/>
    <property name="sun.cpu.endian" value="little"/>
    <property name="user.home" value="C:\Users\mithu"/>
    <property name="user.language" value="en"/>
    <property name="java.specification.vendor" value="Oracle Corporation"/>
    <property name="java.home" value="C:\Program Files\Java\jdk1.8.0_121\jre"/>
    <property name="basedir" value="C:\Users\mithu\eclipse-workspace\AndroidMbl"/>
    <property name="file.separator" value="\"/>
    <property name="line.separator" value="&#10;"/>
    <property name="java.vm.specification.vendor" value="Oracle Corporation"/>
    <property name="java.specification.name" value="Java Platform API Specification"/>
    <property name="java.awt.graphicsenv" value="sun.awt.Win32GraphicsEnvironment"/>
    <property name="surefire.real.class.path" value="C:\Users\mithu\AppData\Local\Temp\surefire5747418278774244303\surefirebooter2782078349657156448.jar"/>
    <property name="sun.boot.class.path" value="C:\Program Files\Java\jdk1.8.0_121\jre\lib\resources.jar;C:\Program Files\Java\jdk1.8.0_121\jre\lib\rt.jar;C:\Program Files\Java\jdk1.8.0_121\jre\lib\sunrsasign.jar;C:\Program Files\Java\jdk1.8.0_121\jre\lib\jsse.jar;C:\Program Files\Java\jdk1.8.0_121\jre\lib\jce.jar;C:\Program Files\Java\jdk1.8.0_121\jre\lib\charsets.jar;C:\Program Files\Java\jdk1.8.0_121\jre\lib\jfr.jar;C:\Program Files\Java\jdk1.8.0_121\jre\classes"/>
    <property name="user.script" value=""/>
    <property name="sun.management.compiler" value="HotSpot 64-Bit Tiered Compilers"/>
    <property name="java.runtime.version" value="1.8.0_121-b13"/>
    <property name="user.name" value="mithu"/>
    <property name="path.separator" value=";"/>
    <property name="os.version" value="10.0"/>
    <property name="java.endorsed.dirs" value="C:\Program Files\Java\jdk1.8.0_121\jre\lib\endorsed"/>
    <property name="java.runtime.name" value="Java(TM) SE Runtime Environment"/>
    <property name="file.encoding" value="Cp1252"/>
    <property name="java.vm.name" value="Java HotSpot(TM) 64-Bit Server VM"/>
    <property name="localRepository" value="C:\Users\mithu\.m2\repository"/>
    <property name="java.vendor.url.bug" value="http://bugreport.sun.com/bugreport/"/>
    <property name="java.io.tmpdir" value="C:\Users\mithu\AppData\Local\Temp\"/>
    <property name="java.version" value="1.8.0_121"/>
    <property name="user.dir" value="C:\Users\mithu\eclipse-workspace\AndroidMbl"/>
    <property name="os.arch" value="amd64"/>
    <property name="java.vm.specification.name" value="Java Virtual Machine Specification"/>
    <property name="java.awt.printerjob" value="sun.awt.windows.WPrinterJob"/>
    <property name="sun.os.patch.level" value=""/>
    <property name="java.library.path" value="C:\Program Files\Java\jdk1.8.0_121\jre\bin;C:\WINDOWS\Sun\Java\bin;C:\WINDOWS\system32;C:\WINDOWS;C:/Program Files/Java/jre1.8.0_161/bin/server;C:/Program Files/Java/jre1.8.0_161/bin;C:/Program Files/Java/jre1.8.0_161/lib/amd64;C:\ProgramData\DockerDesktop\version-bin;C:\Program Files\Docker\Docker\Resources\bin;C:\Python36\Scripts\;C:\Python36\;C:\ProgramData\Oracle\Java\javapath;C:\WINDOWS\system32;C:\WINDOWS;C:\WINDOWS\System32\Wbem;C:\WINDOWS\System32\WindowsPowerShell\v1.0\;C:\Program Files\Git\cmd;C:\apache-maven-3.5.2\bin;C:\Program Files\Java\jdk1.8.0_121\bin;C:\Users\mithu\AppData\Local\Android\sdk\platform-tools;C:\Users\mithu\AppData\Local\Android\sdk\tools;C:\apache-ant-1.10.1\bin;C:\gradle-3.5/bin;C:\ProgramData\chocolatey\bin;C:\Users\mithu\AppData\Roaming\Python\Python36\Scripts;C:\WINDOWS\System32\OpenSSH\;C:\Program Files\Dart\dart-sdk\bin;C:\Program Files\MongoDB\Server\3.2\bin;C:\Program Files\TortoiseGit\bin;C:\Program Files\PuTTY\;C:\Program Files\nodejs\;C:\platform-tools;c:\jruby-9.1.13.0\bin;C:\Ruby24-x64\bin;C:\apache-maven-3.5.2\bin;C:\Users\mithu\AppData\Local\Microsoft\WindowsApps;C:\Users\mithu\AppData\Local\Android\sdk\tools;C:\Users\mithu\AppData\Local\Android\sdk\platform-tools;C:\Program Files\Microsoft VS Code\bin;C:\Program Files\Heroku\bin;C:\Users\mithu\AppData\Roaming\Python\Python36\Scripts;C:\Users\mithu\Desktop\flutter\bin;C:\Users\mithu\AppData\Roaming\npm;;C:\Users\mithu\eclipse\java-oxygen\eclipse;;."/>
    <property name="java.vm.info" value="mixed mode"/>
    <property name="java.vendor" value="Oracle Corporation"/>
    <property name="java.vm.version" value="25.121-b13"/>
    <property name="java.ext.dirs" value="C:\Program Files\Java\jdk1.8.0_121\jre\lib\ext;C:\WINDOWS\Sun\Java\lib\ext"/>
    <property name="sun.io.unicode.encoding" value="UnicodeLittle"/>
    <property name="java.class.version" value="52.0"/>
  </properties>
</testsuite>