<?xml version="1.0" encoding="UTF-8"?>
<!-- Generated by org.testng.reporters.JUnitReportReporter -->
<testsuite skipped="0" hostname="Mithu-PC" name="com.mobile.test.TestApp" tests="1" failures="0" timestamp="11 Feb 2019 06:47:09 GMT" time="387.316" errors="1">
  <testcase name="test" time="387.316" classname="com.mobile.test.TestApp">
    <error type="org.openqa.selenium.WebDriverException" message="Connection refused: connect
Build info: version: &#039;3.12.0&#039;, revision: &#039;7c6e0b3&#039;, time: &#039;2018-05-08T14:04:26.12Z&#039;
System info: host: &#039;MITHU-PC&#039;, ip: &#039;10.0.75.1&#039;, os.name: &#039;Windows 10&#039;, os.arch: &#039;amd64&#039;, os.version: &#039;10.0&#039;, java.version: &#039;1.8.0_121&#039;
Driver info: driver.version: AndroidDriver">
      <![CDATA[org.openqa.selenium.WebDriverException: Connection refused: connectBuild info: version: '3.12.0', revision: '7c6e0b3', time: '2018-05-08T14:04:26.12Z'System info: host: 'MITHU-PC', ip: '10.0.75.1', os.name: 'Windows 10', os.arch: 'amd64', os.version: '10.0', java.version: '1.8.0_121'Driver info: driver.version: AndroidDriverat io.appium.java_client.remote.AppiumCommandExecutor.lambda$2(AppiumCommandExecutor.java:243)at java.util.Optional.orElseGet(Optional.java:267)at io.appium.java_client.remote.AppiumCommandExecutor.execute(AppiumCommandExecutor.java:242)at org.openqa.selenium.remote.RemoteWebDriver.execute(RemoteWebDriver.java:543)at io.appium.java_client.DefaultGenericMobileDriver.execute(DefaultGenericMobileDriver.java:42)at io.appium.java_client.AppiumDriver.execute(AppiumDriver.java:1)at io.appium.java_client.android.AndroidDriver.execute(AndroidDriver.java:1)at org.openqa.selenium.remote.RemoteWebDriver.findElement(RemoteWebDriver.java:317)at io.appium.java_client.DefaultGenericMobileDriver.findElement(DefaultGenericMobileDriver.java:62)at io.appium.java_client.AppiumDriver.findElement(AppiumDriver.java:1)at io.appium.java_client.android.AndroidDriver.findElement(AndroidDriver.java:1)at org.openqa.selenium.remote.RemoteWebDriver.findElementById(RemoteWebDriver.java:363)at io.appium.java_client.DefaultGenericMobileDriver.findElementById(DefaultGenericMobileDriver.java:70)at io.appium.java_client.AppiumDriver.findElementById(AppiumDriver.java:1)at io.appium.java_client.android.AndroidDriver.findElementById(AndroidDriver.java:1)at org.openqa.selenium.By$ById.findElement(By.java:188)at org.openqa.selenium.remote.RemoteWebDriver.findElement(RemoteWebDriver.java:309)at io.appium.java_client.DefaultGenericMobileDriver.findElement(DefaultGenericMobileDriver.java:58)at io.appium.java_client.AppiumDriver.findElement(AppiumDriver.java:1)at io.appium.java_client.android.AndroidDriver.findElement(AndroidDriver.java:1)at com.mobile.AndroidMbl.AppTest.testScenario(AppTest.java:50)at com.mobile.test.TestApp.test(TestApp.java:15)at sun.reflect.NativeMethodAccessorImpl.invoke0(Native Method)at sun.reflect.NativeMethodAccessorImpl.invoke(NativeMethodAccessorImpl.java:62)at sun.reflect.DelegatingMethodAccessorImpl.invoke(DelegatingMethodAccessorImpl.java:43)at java.lang.reflect.Method.invoke(Method.java:498)at org.testng.internal.MethodInvocationHelper.invokeMethod(MethodInvocationHelper.java:124)at org.testng.internal.Invoker.invokeMethod(Invoker.java:571)at org.testng.internal.Invoker.invokeTestMethod(Invoker.java:707)at org.testng.internal.Invoker.invokeTestMethods(Invoker.java:979)at org.testng.internal.TestMethodWorker.invokeTestMethods(TestMethodWorker.java:125)at org.testng.internal.TestMethodWorker.run(TestMethodWorker.java:109)at org.testng.TestRunner.privateRun(TestRunner.java:648)at org.testng.TestRunner.run(TestRunner.java:505)at org.testng.SuiteRunner.runTest(SuiteRunner.java:455)at org.testng.SuiteRunner.runSequentially(SuiteRunner.java:450)at org.testng.SuiteRunner.privateRun(SuiteRunner.java:415)at org.testng.SuiteRunner.run(SuiteRunner.java:364)at org.testng.SuiteRunnerWorker.runSuite(SuiteRunnerWorker.java:52)at org.testng.SuiteRunnerWorker.run(SuiteRunnerWorker.java:84)at org.testng.TestNG.runSuitesSequentially(TestNG.java:1187)at org.testng.TestNG.runSuitesLocally(TestNG.java:1116)at org.testng.TestNG.runSuites(TestNG.java:1028)at org.testng.TestNG.run(TestNG.java:996)at org.testng.remote.AbstractRemoteTestNG.run(AbstractRemoteTestNG.java:114)at org.testng.remote.RemoteTestNG.initAndRun(RemoteTestNG.java:251)at org.testng.remote.RemoteTestNG.main(RemoteTestNG.java:77)Caused by: java.net.ConnectException: Connection refused: connectat java.net.DualStackPlainSocketImpl.waitForConnect(Native Method)at java.net.DualStackPlainSocketImpl.socketConnect(DualStackPlainSocketImpl.java:85)at java.net.AbstractPlainSocketImpl.doConnect(AbstractPlainSocketImpl.java:350)at java.net.AbstractPlainSocketImpl.connectToAddress(AbstractPlainSocketImpl.java:206)at java.net.AbstractPlainSocketImpl.connect(AbstractPlainSocketImpl.java:188)at java.net.PlainSocketImpl.connect(PlainSocketImpl.java:172)at java.net.SocksSocketImpl.connect(SocksSocketImpl.java:392)at java.net.Socket.connect(Socket.java:589)at okhttp3.internal.platform.Platform.connectSocket(Platform.java:125)at okhttp3.internal.connection.RealConnection.connectSocket(RealConnection.java:238)at okhttp3.internal.connection.RealConnection.connect(RealConnection.java:158)at okhttp3.internal.connection.StreamAllocation.findConnection(StreamAllocation.java:256)at okhttp3.internal.connection.StreamAllocation.findHealthyConnection(StreamAllocation.java:134)at okhttp3.internal.connection.StreamAllocation.newStream(StreamAllocation.java:113)at okhttp3.internal.connection.ConnectInterceptor.intercept(ConnectInterceptor.java:42)at okhttp3.internal.http.RealInterceptorChain.proceed(RealInterceptorChain.java:147)at okhttp3.internal.http.RealInterceptorChain.proceed(RealInterceptorChain.java:121)at okhttp3.internal.cache.CacheInterceptor.intercept(CacheInterceptor.java:93)at okhttp3.internal.http.RealInterceptorChain.proceed(RealInterceptorChain.java:147)at okhttp3.internal.http.RealInterceptorChain.proceed(RealInterceptorChain.java:121)at okhttp3.internal.http.BridgeInterceptor.intercept(BridgeInterceptor.java:93)at okhttp3.internal.http.RealInterceptorChain.proceed(RealInterceptorChain.java:147)at okhttp3.internal.http.RetryAndFollowUpInterceptor.intercept(RetryAndFollowUpInterceptor.java:125)at okhttp3.internal.http.RealInterceptorChain.proceed(RealInterceptorChain.java:147)at okhttp3.internal.http.RealInterceptorChain.proceed(RealInterceptorChain.java:121)at okhttp3.RealCall.getResponseWithInterceptorChain(RealCall.java:200)at okhttp3.RealCall.execute(RealCall.java:77)at org.openqa.selenium.remote.internal.OkHttpClient.execute(OkHttpClient.java:105)at org.openqa.selenium.remote.HttpCommandExecutor.execute(HttpCommandExecutor.java:155)at io.appium.java_client.remote.AppiumCommandExecutor.execute(AppiumCommandExecutor.java:231)... 44 more]]>
    </error>
  </testcase> <!-- test -->
</testsuite> <!-- com.mobile.test.TestApp -->
