<?xml version="1.0" encoding="UTF-8"?>
<!-- Generated by org.testng.reporters.JUnitReportReporter -->
<testsuite skipped="0" hostname="Mithu-PC" name="com.mobile.AndroidMbl.AppTest" tests="1" failures="0" timestamp="11 Feb 2019 06:33:53 GMT" time="7.336" errors="0">
  <testcase name="Android_LaunchAPp" time="7.336" classname="com.mobile.AndroidMbl.AppTest"/>
</testsuite> <!-- com.mobile.AndroidMbl.AppTest -->
